--180425 114533: [1.3.34]
	java.lang.IndexOutOfBoundsException: Index: 1, Size: 1
	at java.util.ArrayList.get(ArrayList.java:411)
	at com.ace.member.adapter.GVChatInfoAdapter.getView(GVChatInfoAdapter.java:62)
	at android.widget.AbsListView.obtainView(AbsListView.java:2367)
	at android.widget.GridView.makeAndAddView(GridView.java:1440)
	at android.widget.GridView.makeRow(GridView.java:366)
	at android.widget.GridView.fillDown(GridView.java:307)
	at android.widget.GridView.fillFromTop(GridView.java:442)
	at android.widget.GridView.layoutChildren(GridView.java:1283)
	at android.widget.AbsListView.onLayout(AbsListView.java:2161)
	at android.view.View.layout(View.java:17548)
	at android.view.ViewGroup.layout(ViewGroup.java:5614)
	at android.widget.LinearLayout.setChildFrame(LinearLayout.java:1741)
	at android.widget.LinearLayout.layoutVertical(LinearLayout.java:1585)
	at android.widget.LinearLayout.onLayout(LinearLayout.java:1494)
	at android.view.View.layout(View.java:17548)
	at android.view.ViewGroup.layout(ViewGroup.java:5614)
	at android.widget.FrameLayout.layoutChildren(FrameLayout.java:323)
	at android.widget.FrameLayout.onLayout(FrameLayout.java:261)
	at android.widget.ScrollView.onLayout(ScrollView.java:1535)
	at android.view.View.layout(View.java:17548)
	at android.view.ViewGroup.layout(ViewGroup.java:5614)
	at android.widget.LinearLayout.setChildFrame(LinearLayout.java:1741)
	at android.widget.LinearLayout.layoutVertical(LinearLayout.java:1585)
	at android.widget.LinearLayout.onLayout(LinearLayout.java:1494)
	at android.view.View.layout(View.java:17548)
	at android.view.ViewGroup.layout(ViewGroup.java:5614)
	at android.widget.FrameLayout.layoutChildren(FrameLayout.java:323)
	at android.widget.FrameLayout.onLayout(FrameLayout.java:261)
	at android.view.View.layout(View.java:17548)
	at android.view.ViewGroup.layout(ViewGroup.java:5614)
	at android.widget.LinearLayout.setChildFrame(LinearLayout.java:1741)
	at android.widget.LinearLayout.layoutVertical(LinearLayout.java:1585)
	at android.widget.LinearLayout.onLayout(LinearLayout.java:1494)
	at android.view.View.layout(View.java:17548)
	at android.view.ViewGroup.layout(ViewGroup.java:5614)
	at android.widget.FrameLayout.layoutChildren(FrameLayout.java:323)
	at android.widget.FrameLayout.onLayout(FrameLayout.java:261)
	at android.view.View.layout(View.java:17548)
	at android.view.ViewGroup.layout(ViewGroup.java:5614)
	at android.widget.LinearLayout.setChildFrame(LinearLayout.java:1741)
	at android.widget.LinearLayout.layoutVertical(LinearLayout.java:1585)
	at android.widget.LinearLayout.onLayout(LinearLayout.java:1494)
	at android.view.View.layout(View.java:17548)
	at android.view.ViewGroup.layout(ViewGroup.java:5614)
	at android.widget.FrameLayout.layoutChildren(FrameLayout.java:323)
	at android.widget.FrameLayout.onLayout(FrameLayout.java:261)
	at com.android.internal.policy.DecorView.onLayout(DecorView.java:727)
	at android.view.View.layout(View.java:17548)
	at android.view.ViewGroup.layout(ViewGroup.java:5614)
	at android.view.ViewRootImpl.performLayout(ViewRootImpl.java:2384)
	at android.view.ViewRootImpl.performTraversals(ViewRootImpl.java:2111)
	at android.view.ViewRootImpl.doTraversal(ViewRootImpl.java:1288)
	at android.view.ViewRootImpl$TraversalRunnable.run(ViewRootImpl.java:6364)
	at android.view.Choreographer$CallbackRecord.run(Choreographer.java:873)
	at android.view.Choreographer.doCallbacks(Choreographer.java:685)
	at android.view.Choreographer.doFrame(Choreographer.java:621)
	at android.view.Choreographer$FrameDisplayEventReceiver.run(Choreographer.java:859)
	at android.os.Handler.handleCallback(Handler.java:754)
	at android.os.Handler.dispatchMessage(Handler.java:95)
	at android.os.Looper.loop(Looper.java:163)
	at android.app.ActivityThread.main(ActivityThread.java:6326)
	at java.lang.reflect.Method.invoke(Native Method)
	at com.android.internal.os.ZygoteInit$MethodAndArgsCaller.run(ZygoteInit.java:880)
	at com.android.internal.os.ZygoteInit.main(ZygoteInit.java:770)

--180425 114641: [1.3.34]
	java.lang.IndexOutOfBoundsException: Index: 1, Size: 1
	at java.util.ArrayList.get(ArrayList.java:411)
	at com.ace.member.adapter.GVChatInfoAdapter.getView(GVChatInfoAdapter.java:62)
	at android.widget.AbsListView.obtainView(AbsListView.java:2367)
	at android.widget.GridView.makeAndAddView(GridView.java:1440)
	at android.widget.GridView.makeRow(GridView.java:366)
	at android.widget.GridView.fillDown(GridView.java:307)
	at android.widget.GridView.fillFromTop(GridView.java:442)
	at android.widget.GridView.layoutChildren(GridView.java:1283)
	at android.widget.AbsListView.onLayout(AbsListView.java:2161)
	at android.view.View.layout(View.java:17548)
	at android.view.ViewGroup.layout(ViewGroup.java:5614)
	at android.widget.LinearLayout.setChildFrame(LinearLayout.java:1741)
	at android.widget.LinearLayout.layoutVertical(LinearLayout.java:1585)
	at android.widget.LinearLayout.onLayout(LinearLayout.java:1494)
	at android.view.View.layout(View.java:17548)
	at android.view.ViewGroup.layout(ViewGroup.java:5614)
	at android.widget.FrameLayout.layoutChildren(FrameLayout.java:323)
	at android.widget.FrameLayout.onLayout(FrameLayout.java:261)
	at android.widget.ScrollView.onLayout(ScrollView.java:1535)
	at android.view.View.layout(View.java:17548)
	at android.view.ViewGroup.layout(ViewGroup.java:5614)
	at android.widget.LinearLayout.setChildFrame(LinearLayout.java:1741)
	at android.widget.LinearLayout.layoutVertical(LinearLayout.java:1585)
	at android.widget.LinearLayout.onLayout(LinearLayout.java:1494)
	at android.view.View.layout(View.java:17548)
	at android.view.ViewGroup.layout(ViewGroup.java:5614)
	at android.widget.FrameLayout.layoutChildren(FrameLayout.java:323)
	at android.widget.FrameLayout.onLayout(FrameLayout.java:261)
	at android.view.View.layout(View.java:17548)
	at android.view.ViewGroup.layout(ViewGroup.java:5614)
	at android.widget.LinearLayout.setChildFrame(LinearLayout.java:1741)
	at android.widget.LinearLayout.layoutVertical(LinearLayout.java:1585)
	at android.widget.LinearLayout.onLayout(LinearLayout.java:1494)
	at android.view.View.layout(View.java:17548)
	at android.view.ViewGroup.layout(ViewGroup.java:5614)
	at android.widget.FrameLayout.layoutChildren(FrameLayout.java:323)
	at android.widget.FrameLayout.onLayout(FrameLayout.java:261)
	at android.view.View.layout(View.java:17548)
	at android.view.ViewGroup.layout(ViewGroup.java:5614)
	at android.widget.LinearLayout.setChildFrame(LinearLayout.java:1741)
	at android.widget.LinearLayout.layoutVertical(LinearLayout.java:1585)
	at android.widget.LinearLayout.onLayout(LinearLayout.java:1494)
	at android.view.View.layout(View.java:17548)
	at android.view.ViewGroup.layout(ViewGroup.java:5614)
	at android.widget.FrameLayout.layoutChildren(FrameLayout.java:323)
	at android.widget.FrameLayout.onLayout(FrameLayout.java:261)
	at com.android.internal.policy.DecorView.onLayout(DecorView.java:727)
	at android.view.View.layout(View.java:17548)
	at android.view.ViewGroup.layout(ViewGroup.java:5614)
	at android.view.ViewRootImpl.performLayout(ViewRootImpl.java:2384)
	at android.view.ViewRootImpl.performTraversals(ViewRootImpl.java:2111)
	at android.view.ViewRootImpl.doTraversal(ViewRootImpl.java:1288)
	at android.view.ViewRootImpl$TraversalRunnable.run(ViewRootImpl.java:6364)
	at android.view.Choreographer$CallbackRecord.run(Choreographer.java:873)
	at android.view.Choreographer.doCallbacks(Choreographer.java:685)
	at android.view.Choreographer.doFrame(Choreographer.java:621)
	at android.view.Choreographer$FrameDisplayEventReceiver.run(Choreographer.java:859)
	at android.os.Handler.handleCallback(Handler.java:754)
	at android.os.Handler.dispatchMessage(Handler.java:95)
	at android.os.Looper.loop(Looper.java:163)
	at android.app.ActivityThread.main(ActivityThread.java:6326)
	at java.lang.reflect.Method.invoke(Native Method)
	at com.android.internal.os.ZygoteInit$MethodAndArgsCaller.run(ZygoteInit.java:880)
	at com.android.internal.os.ZygoteInit.main(ZygoteInit.java:770)

