--171203 193337: [1.3.28]
	android.database.sqlite.SQLiteException: near "'2017-12-03 19:27:09'": syntax error (code 1): , while compiling: replace into tbl_group(time, member_id, chat_id, lmt) values ('2017-12-03 19:27:09',32,8'2017-12-03 19:27:09'), ('2017-12-03 19:27:09',1,8'2017-12-03 19:27:09'), ('2017-12-03 19:27:09',2,8'2017-12-03 19:27:09'), ('2017-12-03 19:30:25',32,9'2017-12-03 19:30:25'), ('2017-12-03 19:30:25',2,9'2017-12-03 19:30:25'), ('2017-12-03 19:30:25',3,9'2017-12-03 19:30:25')
	at android.database.sqlite.SQLiteConnection.nativePrepareStatement(Native Method)
	at android.database.sqlite.SQLiteConnection.acquirePreparedStatement(SQLiteConnection.java:882)
	at android.database.sqlite.SQLiteConnection.prepare(SQLiteConnection.java:493)
	at android.database.sqlite.SQLiteSession.prepare(SQLiteSession.java:588)
	at android.database.sqlite.SQLiteProgram.<init>(SQLiteProgram.java:58)
	at android.database.sqlite.SQLiteStatement.<init>(SQLiteStatement.java:31)
	at android.database.sqlite.SQLiteDatabase.executeSql(SQLiteDatabase.java:1663)
	at android.database.sqlite.SQLiteDatabase.execSQL(SQLiteDatabase.java:1594)
	at com.ace.member.main.friends.db.ChatDB.execSQL(ChatDB.java:78)
	at com.ace.member.main.friends.db.ChatDB.insertTableGroup(ChatDB.java:240)
	at com.ace.member.main.friends.db.ChatDB.insertTable(ChatDB.java:129)
	at com.ace.member.main.friends.FriendsPresenter$1.loadSuccess(FriendsPresenter.java:68)
	at com.og.http.NetClient$1.onResponse(NetClient.java:73)
	at com.og.http.NetClient$1.onResponse(NetClient.java:49)
	at com.og.http.OkHttpClientManager$5.run(OkHttpClientManager.java:444)
	at android.os.Handler.handleCallback(Handler.java:725)
	at android.os.Handler.dispatchMessage(Handler.java:92)
	at android.os.Looper.loop(Looper.java:137)
	at android.app.ActivityThread.main(ActivityThread.java:5041)
	at java.lang.reflect.Method.invokeNative(Native Method)
	at java.lang.reflect.Method.invoke(Method.java:511)
	at com.android.internal.os.ZygoteInit$MethodAndArgsCaller.run(ZygoteInit.java:793)
	at com.android.internal.os.ZygoteInit.main(ZygoteInit.java:560)
	at dalvik.system.NativeStart.main(Native Method)

--171203 193342: [1.3.28]
	android.database.sqlite.SQLiteException: near "'2017-12-03 19:27:09'": syntax error (code 1): , while compiling: replace into tbl_group(time, member_id, chat_id, lmt) values ('2017-12-03 19:27:09',32,8'2017-12-03 19:27:09'), ('2017-12-03 19:27:09',1,8'2017-12-03 19:27:09'), ('2017-12-03 19:27:09',2,8'2017-12-03 19:27:09'), ('2017-12-03 19:30:25',32,9'2017-12-03 19:30:25'), ('2017-12-03 19:30:25',2,9'2017-12-03 19:30:25'), ('2017-12-03 19:30:25',3,9'2017-12-03 19:30:25')
	at android.database.sqlite.SQLiteConnection.nativePrepareStatement(Native Method)
	at android.database.sqlite.SQLiteConnection.acquirePreparedStatement(SQLiteConnection.java:882)
	at android.database.sqlite.SQLiteConnection.prepare(SQLiteConnection.java:493)
	at android.database.sqlite.SQLiteSession.prepare(SQLiteSession.java:588)
	at android.database.sqlite.SQLiteProgram.<init>(SQLiteProgram.java:58)
	at android.database.sqlite.SQLiteStatement.<init>(SQLiteStatement.java:31)
	at android.database.sqlite.SQLiteDatabase.executeSql(SQLiteDatabase.java:1663)
	at android.database.sqlite.SQLiteDatabase.execSQL(SQLiteDatabase.java:1594)
	at com.ace.member.main.friends.db.ChatDB.execSQL(ChatDB.java:78)
	at com.ace.member.main.friends.db.ChatDB.insertTableGroup(ChatDB.java:240)
	at com.ace.member.main.friends.db.ChatDB.insertTable(ChatDB.java:129)
	at com.ace.member.main.friends.FriendsPresenter$1.loadSuccess(FriendsPresenter.java:68)
	at com.og.http.NetClient$1.onResponse(NetClient.java:73)
	at com.og.http.NetClient$1.onResponse(NetClient.java:49)
	at com.og.http.OkHttpClientManager$5.run(OkHttpClientManager.java:444)
	at android.os.Handler.handleCallback(Handler.java:725)
	at android.os.Handler.dispatchMessage(Handler.java:92)
	at android.os.Looper.loop(Looper.java:137)
	at android.app.ActivityThread.main(ActivityThread.java:5041)
	at java.lang.reflect.Method.invokeNative(Native Method)
	at java.lang.reflect.Method.invoke(Method.java:511)
	at com.android.internal.os.ZygoteInit$MethodAndArgsCaller.run(ZygoteInit.java:793)
	at com.android.internal.os.ZygoteInit.main(ZygoteInit.java:560)
	at dalvik.system.NativeStart.main(Native Method)

--171203 193607: [1.3.28]
	android.database.sqlite.SQLiteException: 5 values for 6 columns (code 1): , while compiling: replace into tbl_chat_extend_group(chat_id, group_name, owner_id, flag_verify_invitation, group_notice, lmt) values (8,'a,ygh2,cjw',322,'','2017-12-03 19:30:49'), (9,'CJW,ygh2,b',322,'','2017-12-03 19:30:25')
	at android.database.sqlite.SQLiteConnection.nativePrepareStatement(Native Method)
	at android.database.sqlite.SQLiteConnection.acquirePreparedStatement(SQLiteConnection.java:882)
	at android.database.sqlite.SQLiteConnection.prepare(SQLiteConnection.java:493)
	at android.database.sqlite.SQLiteSession.prepare(SQLiteSession.java:588)
	at android.database.sqlite.SQLiteProgram.<init>(SQLiteProgram.java:58)
	at android.database.sqlite.SQLiteStatement.<init>(SQLiteStatement.java:31)
	at android.database.sqlite.SQLiteDatabase.executeSql(SQLiteDatabase.java:1663)
	at android.database.sqlite.SQLiteDatabase.execSQL(SQLiteDatabase.java:1594)
	at com.ace.member.main.friends.db.ChatDB.execSQL(ChatDB.java:78)
	at com.ace.member.main.friends.db.ChatDB.insertTableChatExtendGroup(ChatDB.java:251)
	at com.ace.member.main.friends.db.ChatDB.insertTable(ChatDB.java:130)
	at com.ace.member.main.friends.FriendsPresenter$1.loadSuccess(FriendsPresenter.java:68)
	at com.og.http.NetClient$1.onResponse(NetClient.java:73)
	at com.og.http.NetClient$1.onResponse(NetClient.java:49)
	at com.og.http.OkHttpClientManager$5.run(OkHttpClientManager.java:444)
	at android.os.Handler.handleCallback(Handler.java:725)
	at android.os.Handler.dispatchMessage(Handler.java:92)
	at android.os.Looper.loop(Looper.java:137)
	at android.app.ActivityThread.main(ActivityThread.java:5041)
	at java.lang.reflect.Method.invokeNative(Native Method)
	at java.lang.reflect.Method.invoke(Method.java:511)
	at com.android.internal.os.ZygoteInit$MethodAndArgsCaller.run(ZygoteInit.java:793)
	at com.android.internal.os.ZygoteInit.main(ZygoteInit.java:560)
	at dalvik.system.NativeStart.main(Native Method)

--171203 204221: [1.3.28]
	java.lang.RuntimeException: Unable to start activity ComponentInfo{ace.member.dev/com.ace.member.main.friends.chat_group.build_group.BuildGroupActivity}: android.view.InflateException: Binary XML file line #43: Error inflating class EditText
	at android.app.ActivityThread.performLaunchActivity(ActivityThread.java:2180)
	at android.app.ActivityThread.handleLaunchActivity(ActivityThread.java:2230)
	at android.app.ActivityThread.access$600(ActivityThread.java:141)
	at android.app.ActivityThread$H.handleMessage(ActivityThread.java:1234)
	at android.os.Handler.dispatchMessage(Handler.java:99)
	at android.os.Looper.loop(Looper.java:137)
	at android.app.ActivityThread.main(ActivityThread.java:5041)
	at java.lang.reflect.Method.invokeNative(Native Method)
	at java.lang.reflect.Method.invoke(Method.java:511)
	at com.android.internal.os.ZygoteInit$MethodAndArgsCaller.run(ZygoteInit.java:793)
	at com.android.internal.os.ZygoteInit.main(ZygoteInit.java:560)
	at dalvik.system.NativeStart.main(Native Method)
Caused by: android.view.InflateException: Binary XML file line #43: Error inflating class EditText
	at android.view.LayoutInflater.createViewFromTag(LayoutInflater.java:704)
	at android.view.LayoutInflater.rInflate(LayoutInflater.java:746)
	at android.view.LayoutInflater.rInflate(LayoutInflater.java:749)
	at android.view.LayoutInflater.rInflate(LayoutInflater.java:749)
	at android.view.LayoutInflater.inflate(LayoutInflater.java:489)
	at android.view.LayoutInflater.inflate(LayoutInflater.java:396)
	at android.view.LayoutInflater.inflate(LayoutInflater.java:352)
	at android.support.v7.app.AppCompatDelegateImplV9.setContentView(AppCompatDelegateImplV9.java:292)
	at android.support.v7.app.AppCompatActivity.setContentView(AppCompatActivity.java:140)
	at com.ace.member.base.BaseActivity.onCreate(BaseActivity.java:69)
	at com.ace.member.main.friends.chat_group.build_group.BuildGroupActivity.onCreate(BuildGroupActivity.java:81)
	at android.app.Activity.performCreate(Activity.java:5104)
	at android.app.Instrumentation.callActivityOnCreate(Instrumentation.java:1080)
	at android.app.ActivityThread.performLaunchActivity(ActivityThread.java:2144)
	... 11 more
Caused by: android.content.res.Resources$NotFoundException: File res/drawable/ic_friends_search_small.xml from drawable resource ID #0x7f020133
	at android.content.res.Resources.loadDrawable(Resources.java:1953)
	at android.content.res.TypedArray.getDrawable(TypedArray.java:601)
	at android.widget.TextView.<init>(TextView.java:766)
	at android.widget.EditText.<init>(EditText.java:60)
	at android.support.v7.widget.AppCompatEditText.<init>(AppCompatEditText.java:62)
	at android.support.v7.widget.AppCompatEditText.<init>(AppCompatEditText.java:58)
	at android.support.v7.app.AppCompatViewInflater.createView(AppCompatViewInflater.java:112)
	at android.support.v7.app.AppCompatDelegateImplV9.createView(AppCompatDelegateImplV9.java:1029)
	at android.support.v7.app.AppCompatDelegateImplV9.onCreateView(AppCompatDelegateImplV9.java:1087)
	at android.support.v4.view.LayoutInflaterCompatHC$FactoryWrapperHC.onCreateView(LayoutInflaterCompatHC.java:47)
	at android.view.LayoutInflater.createViewFromTag(LayoutInflater.java:675)
	... 24 more
Caused by: org.xmlpull.v1.XmlPullParserException: Binary XML file line #1: invalid drawable tag vector
	at android.graphics.drawable.Drawable.createFromXmlInner(Drawable.java:881)
	at android.graphics.drawable.Drawable.createFromXml(Drawable.java:822)
	at android.content.res.Resources.loadDrawable(Resources.java:1950)
	... 34 more

